This is pdfTeX, Version 3.14159265-2.6-1.40.19 (MiKTeX 2.9.6930 64-bit) (preloaded format=pdflatex 2019.1.13)  14 FEB 2019 20:57
entering extended mode
**./class_c_a_d_c.tex
(class_c_a_d_c.tex
LaTeX2e <2018-12-01>
! Undefined control sequence.
l.1 \hypertarget
                {class_c_a_d_c}{}\section{C\+A\+DC Class Reference}
The control sequence at the end of the top line
of your error message was never \def'ed. If you have
misspelled it (e.g., `\hobx'), type `I' and the correct
spelling (e.g., `I\hbox'). Otherwise just continue,
and I'll forget about whatever was undefined.


! LaTeX Error: Missing \begin{document}.

See the LaTeX manual or LaTeX Companion for explanation.
Type  H <return>  for immediate help.
 ...                                              
                                                  
l.1 \hypertarget{c
                  lass_c_a_d_c}{}\section{C\+A\+DC Class Reference}
You're in trouble here.  Try typing  <return>  to proceed.
If that doesn't work, type  X <return>  to quit.

Missing character: There is no c in font nullfont!
Missing character: There is no l in font nullfont!
Missing character: There is no a in font nullfont!
Missing character: There is no s in font nullfont!
Missing character: There is no s in font nullfont!
! Missing $ inserted.
<inserted text> 
                $
l.1 \hypertarget{class_
                       c_a_d_c}{}\section{C\+A\+DC Class Reference}
I've inserted a begin-math/end-math symbol since I think
you left one out. Proceed, with fingers crossed.

LaTeX Font Info:    External font `cmex10' loaded for size
(Font)              <7> on input line 1.
LaTeX Font Info:    External font `cmex10' loaded for size
(Font)              <5> on input line 1.
! Double subscript.
l.1 \hypertarget{class_c_
                         a_d_c}{}\section{C\+A\+DC Class Reference}
I treat `x_1_2' essentially like `x_1{}_2'.

! Double subscript.
l.1 \hypertarget{class_c_a_
                           d_c}{}\section{C\+A\+DC Class Reference}
I treat `x_1_2' essentially like `x_1{}_2'.

! Double subscript.
l.1 \hypertarget{class_c_a_d_
                             c}{}\section{C\+A\+DC Class Reference}
I treat `x_1_2' essentially like `x_1{}_2'.

! Extra }, or forgotten $.
l.1 \hypertarget{class_c_a_d_c}
                               {}\section{C\+A\+DC Class Reference}
I've deleted a group-closing symbol because it seems to be
spurious, as in `$x}$'. But perhaps the } is legitimate and
you forgot something else, as in `\hbox{$x}'. In such cases
the way to recover is to insert both the forgotten and the
deleted material, e.g., by typing `I$}'.

! Undefined control sequence.
l.1 \hypertarget{class_c_a_d_c}{}\section
                                         {C\+A\+DC Class Reference}
The control sequence at the end of the top line
of your error message was never \def'ed. If you have
misspelled it (e.g., `\hobx'), type `I' and the correct
spelling (e.g., `I\hbox'). Otherwise just continue,
and I'll forget about whatever was undefined.

! Undefined control sequence.
l.1 \hypertarget{class_c_a_d_c}{}\section{C\+
                                             A\+DC Class Reference}
The control sequence at the end of the top line
of your error message was never \def'ed. If you have
misspelled it (e.g., `\hobx'), type `I' and the correct
spelling (e.g., `I\hbox'). Otherwise just continue,
and I'll forget about whatever was undefined.

! Undefined control sequence.
l.1 \hypertarget{class_c_a_d_c}{}\section{C\+A\+
                                                DC Class Reference}
The control sequence at the end of the top line
of your error message was never \def'ed. If you have
misspelled it (e.g., `\hobx'), type `I' and the correct
spelling (e.g., `I\hbox'). Otherwise just continue,
and I'll forget about whatever was undefined.

! Missing $ inserted.
<inserted text> 
                $
l.3 
    
I've inserted a begin-math/end-math symbol since I think
you left one out. Proceed, with fingers crossed.


Overfull \hbox (142.52065pt too wide) in paragraph at lines 1--3
[]$[][][][][][][]$ 
 []


! LaTeX Error: Missing \begin{document}.

See the LaTeX manual or LaTeX Companion for explanation.
Type  H <return>  for immediate help.
 ...                                              
                                                  
l.5 H
     ardware Abstraction Layer (H\+AL) A\+DC class.
You're in trouble here.  Try typing  <return>  to proceed.
If that doesn't work, type  X <return>  to quit.

Missing character: There is no H in font nullfont!
Missing character: There is no a in font nullfont!
Missing character: There is no r in font nullfont!
Missing character: There is no d in font nullfont!
Missing character: There is no w in font nullfont!
Missing character: There is no a in font nullfont!
Missing character: There is no r in font nullfont!
Missing character: There is no e in font nullfont!
Missing character: There is no A in font nullfont!
Missing character: There is no b in font nullfont!
Missing character: There is no s in font nullfont!
Missing character: There is no t in font nullfont!
Missing character: There is no r in font nullfont!
Missing character: There is no a in font nullfont!
Missing character: There is no c in font nullfont!
Missing character: There is no t in font nullfont!
Missing character: There is no i in font nullfont!
Missing character: There is no o in font nullfont!
Missing character: There is no n in font nullfont!
Missing character: There is no L in font nullfont!
Missing character: There is no a in font nullfont!
Missing character: There is no y in font nullfont!
Missing character: There is no e in font nullfont!
Missing character: There is no r in font nullfont!
Missing character: There is no ( in font nullfont!
Missing character: There is no H in font nullfont!
! Undefined control sequence.
l.5 Hardware Abstraction Layer (H\+
                                   AL) A\+DC class.
The control sequence at the end of the top line
of your error message was never \def'ed. If you have
misspelled it (e.g., `\hobx'), type `I' and the correct
spelling (e.g., `I\hbox'). Otherwise just continue,
and I'll forget about whatever was undefined.

Missing character: There is no A in font nullfont!
Missing character: There is no L in font nullfont!
Missing character: There is no ) in font nullfont!
Missing character: There is no A in font nullfont!
! Undefined control sequence.
l.5 Hardware Abstraction Layer (H\+AL) A\+
                                          DC class.
The control sequence at the end of the top line
of your error message was never \def'ed. If you have
misspelled it (e.g., `\hobx'), type `I' and the correct
spelling (e.g., `I\hbox'). Otherwise just continue,
and I'll forget about whatever was undefined.

Missing character: There is no D in font nullfont!
Missing character: There is no C in font nullfont!
Missing character: There is no c in font nullfont!
Missing character: There is no l in font nullfont!
Missing character: There is no a in font nullfont!
Missing character: There is no s in font nullfont!
Missing character: There is no s in font nullfont!
Missing character: There is no . in font nullfont!

Overfull \hbox (20.0pt too wide) in paragraph at lines 5--6
[]
 []


! LaTeX Error: Missing \begin{document}.

See the LaTeX manual or LaTeX Companion for explanation.
Type  H <return>  for immediate help.
 ...                                              
                                                  
l.10 {\ttfamily \#
                  include $<$H\+A\+L\+\_\+\+A\+D\+C.\+h$>$}
You're in trouble here.  Try typing  <return>  to proceed.
If that doesn't work, type  X <return>  to quit.

! Undefined control sequence.
l.10 {\ttfamily \#include $<$H\+
                                A\+L\+\_\+\+A\+D\+C.\+h$>$}
The control sequence at the end of the top line
of your error message was never \def'ed. If you have
misspelled it (e.g., `\hobx'), type `I' and the correct
spelling (e.g., `I\hbox'). Otherwise just continue,
and I'll forget about whatever was undefined.

! Undefined control sequence.
l.10 {\ttfamily \#include $<$H\+A\+
                                   L\+\_\+\+A\+D\+C.\+h$>$}
The control sequence at the end of the top line
of your error message was never \def'ed. If you have
misspelled it (e.g., `\hobx'), type `I' and the correct
spelling (e.g., `I\hbox'). Otherwise just continue,
and I'll forget about whatever was undefined.

! Undefined control sequence.
l.10 {\ttfamily \#include $<$H\+A\+L\+
                                      \_\+\+A\+D\+C.\+h$>$}
The control sequence at the end of the top line
of your error message was never \def'ed. If you have
misspelled it (e.g., `\hobx'), type `I' and the correct
spelling (e.g., `I\hbox'). Otherwise just continue,
and I'll forget about whatever was undefined.

! Undefined control sequence.
l.10 {\ttfamily \#include $<$H\+A\+L\+\_\+
                                          \+A\+D\+C.\+h$>$}
The control sequence at the end of the top line
of your error message was never \def'ed. If you have
misspelled it (e.g., `\hobx'), type `I' and the correct
spelling (e.g., `I\hbox'). Otherwise just continue,
and I'll forget about whatever was undefined.

! Undefined control sequence.
l.10 {\ttfamily \#include $<$H\+A\+L\+\_\+\+
                                            A\+D\+C.\+h$>$}
The control sequence at the end of the top line
of your error message was never \def'ed. If you have
misspelled it (e.g., `\hobx'), type `I' and the correct
spelling (e.g., `I\hbox'). Otherwise just continue,
and I'll forget about whatever was undefined.

! Undefined control sequence.
l.10 {\ttfamily \#include $<$H\+A\+L\+\_\+\+A\+
                                               D\+C.\+h$>$}
The control sequence at the end of the top line
of your error message was never \def'ed. If you have
misspelled it (e.g., `\hobx'), type `I' and the correct
spelling (e.g., `I\hbox'). Otherwise just continue,
and I'll forget about whatever was undefined.

! Undefined control sequence.
l.10 {\ttfamily \#include $<$H\+A\+L\+\_\+\+A\+D\+
                                                  C.\+h$>$}
The control sequence at the end of the top line
of your error message was never \def'ed. If you have
misspelled it (e.g., `\hobx'), type `I' and the correct
spelling (e.g., `I\hbox'). Otherwise just continue,
and I'll forget about whatever was undefined.

! Undefined control sequence.
l.10 ...ily \#include $<$H\+A\+L\+\_\+\+A\+D\+C.\+
                                                  h$>$}
The control sequence at the end of the top line
of your error message was never \def'ed. If you have
misspelled it (e.g., `\hobx'), type `I' and the correct
spelling (e.g., `I\hbox'). Otherwise just continue,
and I'll forget about whatever was undefined.


Overfull \hbox (61.99963pt too wide) in paragraph at lines 10--11
[]\OT1/cmtt/m/n/10 #include
 []


Overfull \hbox (61.33519pt too wide) in paragraph at lines 10--11
\OML/cmm/m/it/10 <$\OT1/cmtt/m/n/10 HAL[]ADC.h$\OML/cmm/m/it/10 >$ 
 []


! LaTeX Error: Missing \begin{document}.

See the LaTeX manual or LaTeX Companion for explanation.
Type  H <return>  for immediate help.
 ...                                              
                                                  
l.14 C
      ollaboration diagram for C\+A\+DC\+:
You're in trouble here.  Try typing  <return>  to proceed.
If that doesn't work, type  X <return>  to quit.

Missing character: There is no C in font nullfont!
Missing character: There is no o in font nullfont!
Missing character: There is no l in font nullfont!
Missing character: There is no l in font nullfont!
Missing character: There is no a in font nullfont!
Missing character: There is no b in font nullfont!
Missing character: There is no o in font nullfont!
Missing character: There is no r in font nullfont!
Missing character: There is no a in font nullfont!
Missing character: There is no t in font nullfont!
Missing character: There is no i in font nullfont!
Missing character: There is no o in font nullfont!
Missing character: There is no n in font nullfont!
Missing character: There is no d in font nullfont!
Missing character: There is no i in font nullfont!
Missing character: There is no a in font nullfont!
Missing character: There is no g in font nullfont!
Missing character: There is no r in font nullfont!
Missing character: There is no a in font nullfont!
Missing character: There is no m in font nullfont!
Missing character: There is no f in font nullfont!
Missing character: There is no o in font nullfont!
Missing character: There is no r in font nullfont!
Missing character: There is no C in font nullfont!
! Undefined control sequence.
l.14 Collaboration diagram for C\+
                                  A\+DC\+:
The control sequence at the end of the top line
of your error message was never \def'ed. If you have
misspelled it (e.g., `\hobx'), type `I' and the correct
spelling (e.g., `I\hbox'). Otherwise just continue,
and I'll forget about whatever was undefined.

Missing character: There is no A in font nullfont!
! Undefined control sequence.
l.14 Collaboration diagram for C\+A\+
                                     DC\+:
The control sequence at the end of the top line
of your error message was never \def'ed. If you have
misspelled it (e.g., `\hobx'), type `I' and the correct
spelling (e.g., `I\hbox'). Otherwise just continue,
and I'll forget about whatever was undefined.

Missing character: There is no D in font nullfont!
Missing character: There is no C in font nullfont!
! Undefined control sequence.
l.14 Collaboration diagram for C\+A\+DC\+
                                         :
The control sequence at the end of the top line
of your error message was never \def'ed. If you have
misspelled it (e.g., `\hobx'), type `I' and the correct
spelling (e.g., `I\hbox'). Otherwise just continue,
and I'll forget about whatever was undefined.

Missing character: There is no : in font nullfont!

! LaTeX Error: Environment figure undefined.

See the LaTeX manual or LaTeX Companion for explanation.
Type  H <return>  for immediate help.
 ...                                              
                                                  
l.16 \begin{figure}
                   [H]
Your command was ignored.
Type  I <command> <return>  to replace it with another command,
or  <return>  to continue without it.

Missing character: There is no [ in font nullfont!
Missing character: There is no H in font nullfont!
Missing character: There is no ] in font nullfont!

Overfull \hbox (20.0pt too wide) in paragraph at lines 14--17
[]
 []

! Undefined control sequence.
l.19 \includegraphics
                     [width=179pt]{class_c_a_d_c__coll__graph}
The control sequence at the end of the top line
of your error message was never \def'ed. If you have
misspelled it (e.g., `\hobx'), type `I' and the correct
spelling (e.g., `I\hbox'). Otherwise just continue,
and I'll forget about whatever was undefined.

Missing character: There is no [ in font nullfont!
Missing character: There is no w in font nullfont!
Missing character: There is no i in font nullfont!
Missing character: There is no d in font nullfont!
Missing character: There is no t in font nullfont!
Missing character: There is no h in font nullfont!
Missing character: There is no = in font nullfont!
Missing character: There is no 1 in font nullfont!
Missing character: There is no 7 in font nullfont!
Missing character: There is no 9 in font nullfont!
Missing character: There is no p in font nullfont!
Missing character: There is no t in font nullfont!
Missing character: There is no ] in font nullfont!
Missing character: There is no c in font nullfont!
Missing character: There is no l in font nullfont!
Missing character: There is no a in font nullfont!
Missing character: There is no s in font nullfont!
Missing character: There is no s in font nullfont!
! Missing $ inserted.
<inserted text> 
                $
l.19 \includegraphics[width=179pt]{class_
                                         c_a_d_c__coll__graph}
I've inserted a begin-math/end-math symbol since I think
you left one out. Proceed, with fingers crossed.

! Double subscript.
l.19 \includegraphics[width=179pt]{class_c_
                                           a_d_c__coll__graph}
I treat `x_1_2' essentially like `x_1{}_2'.

! Double subscript.
l.19 \includegraphics[width=179pt]{class_c_a_
                                             d_c__coll__graph}
I treat `x_1_2' essentially like `x_1{}_2'.

! Double subscript.
l.19 \includegraphics[width=179pt]{class_c_a_d_
                                               c__coll__graph}
I treat `x_1_2' essentially like `x_1{}_2'.

! Double subscript.
l.19 \includegraphics[width=179pt]{class_c_a_d_c_
                                                 _coll__graph}
I treat `x_1_2' essentially like `x_1{}_2'.

! Missing { inserted.
<to be read again> 
                   _
l.19 \includegraphics[width=179pt]{class_c_a_d_c__
                                                  coll__graph}
A left brace was mandatory here, so I've put one in.
You might want to delete and/or insert some corrections
so that I will find a matching right brace soon.
(If you're confused by all this, try typing `I}' now.)

! Missing { inserted.
<to be read again> 
                   _
l.19 ...raphics[width=179pt]{class_c_a_d_c__coll__
                                                  graph}
A left brace was mandatory here, so I've put one in.
You might want to delete and/or insert some corrections
so that I will find a matching right brace soon.
(If you're confused by all this, try typing `I}' now.)


! LaTeX Error: Command \end{center} invalid in math mode.

See the LaTeX manual or LaTeX Companion for explanation.
Type  H <return>  for immediate help.
 ...                                              
                                                  
l.20 \end{center}
                 
Try typing  <return>  to proceed.
If that doesn't work, type  X <return>  to quit.


! LaTeX Error: Something's wrong--perhaps a missing \item.

See the LaTeX manual or LaTeX Companion for explanation.
Type  H <return>  for immediate help.
 ...                                              
                                                  
l.20 \end{center}
                 
Try typing  <return>  to proceed.
If that doesn't work, type  X <return>  to quit.


! LaTeX Error: Something's wrong--perhaps a missing \item.

See the LaTeX manual or LaTeX Companion for explanation.
Type  H <return>  for immediate help.
 ...                                              
                                                  
l.20 \end{center}
                 
Try typing  <return>  to proceed.
If that doesn't work, type  X <return>  to quit.

! Missing } inserted.
<inserted text> 
                }
l.20 \end{center}
                 
I've inserted something that you may have forgotten.
(See the <inserted text> above.)
With luck, this will get me unwedged. But if you
really didn't forget anything, try typing `2' now; then
my insertion and my current dilemma will both disappear.

! Missing $ inserted.
<inserted text> 
                $
l.20 \end{center}
                 
I've inserted something that you may have forgotten.
(See the <inserted text> above.)
With luck, this will get me unwedged. But if you
really didn't forget anything, try typing `2' now; then
my insertion and my current dilemma will both disappear.

! Missing } inserted.
<inserted text> 
                }
l.20 \end{center}
                 
I've inserted something that you may have forgotten.
(See the <inserted text> above.)
With luck, this will get me unwedged. But if you
really didn't forget anything, try typing `2' now; then
my insertion and my current dilemma will both disappear.


! LaTeX Error: \begin{document} ended by \end{figure}.

See the LaTeX manual or LaTeX Companion for explanation.
Type  H <return>  for immediate help.
 ...                                              
                                                  
l.21 \end{figure}
                 
Your command was ignored.
Type  I <command> <return>  to replace it with another command,
or  <return>  to continue without it.

! Undefined control sequence.
l.22 \subsection
                *{Public Member Functions}
The control sequence at the end of the top line
of your error message was never \def'ed. If you have
misspelled it (e.g., `\hobx'), type `I' and the correct
spelling (e.g., `I\hbox'). Otherwise just continue,
and I'll forget about whatever was undefined.

Missing character: There is no * in font nullfont!
Missing character: There is no P in font nullfont!
Missing character: There is no u in font nullfont!
Missing character: There is no b in font nullfont!
Missing character: There is no l in font nullfont!
Missing character: There is no i in font nullfont!
Missing character: There is no c in font nullfont!
Missing character: There is no M in font nullfont!
Missing character: There is no e in font nullfont!
Missing character: There is no m in font nullfont!
Missing character: There is no b in font nullfont!
Missing character: There is no e in font nullfont!
Missing character: There is no r in font nullfont!
Missing character: There is no F in font nullfont!
Missing character: There is no u in font nullfont!
Missing character: There is no n in font nullfont!
Missing character: There is no c in font nullfont!
Missing character: There is no t in font nullfont!
Missing character: There is no i in font nullfont!
Missing character: There is no o in font nullfont!
Missing character: There is no n in font nullfont!
Missing character: There is no s in font nullfont!

! LaTeX Error: Environment DoxyCompactItemize undefined.

See the LaTeX manual or LaTeX Companion for explanation.
Type  H <return>  for immediate help.
 ...                                              
                                                  
l.23 \begin{DoxyCompactItemize}
                               
Your command was ignored.
Type  I <command> <return>  to replace it with another command,
or  <return>  to continue without it.


Overfull \hbox (50.86168pt too wide) in paragraph at lines 18--25
[][][][][]$
 []


! LaTeX Error: Lonely \item--perhaps a missing list environment.

See the LaTeX manual or LaTeX Companion for explanation.
Type  H <return>  for immediate help.
 ...                                              
                                                  
l.25 \mbox
          {\hyperlink{class_c_a_d_c_aa312b17b94e31c72be8463a4a14838ec}{C\+A\...

Try typing  <return>  to proceed.
If that doesn't work, type  X <return>  to quit.

! Undefined control sequence.
<argument> \hyperlink 
                      {class_c_a_d_c_aa312b17b94e31c72be8463a4a14838ec}{C\+A...
l.25 ...12b17b94e31c72be8463a4a14838ec}{C\+A\+DC}}
                                                   ()
The control sequence at the end of the top line
of your error message was never \def'ed. If you have
misspelled it (e.g., `\hobx'), type `I' and the correct
spelling (e.g., `I\hbox'). Otherwise just continue,
and I'll forget about whatever was undefined.

Missing character: There is no c in font nullfont!
Missing character: There is no l in font nullfont!
Missing character: There is no a in font nullfont!
Missing character: There is no s in font nullfont!
Missing character: There is no s in font nullfont!
! Missing $ inserted.
<inserted text> 
                $
l.25 ...12b17b94e31c72be8463a4a14838ec}{C\+A\+DC}}
                                                   ()
I've inserted a begin-math/end-math symbol since I think
you left one out. Proceed, with fingers crossed.

! Double subscript.
<argument> \hyperlink {class_c_
                               a_d_c_aa312b17b94e31c72be8463a4a14838ec}{C\+A...
l.25 ...12b17b94e31c72be8463a4a14838ec}{C\+A\+DC}}
                                                   ()
I treat `x_1_2' essentially like `x_1{}_2'.

! Double subscript.
<argument> \hyperlink {class_c_a_
                                 d_c_aa312b17b94e31c72be8463a4a14838ec}{C\+A...
l.25 ...12b17b94e31c72be8463a4a14838ec}{C\+A\+DC}}
                                                   ()
I treat `x_1_2' essentially like `x_1{}_2'.

! Double subscript.
<argument> \hyperlink {class_c_a_d_
                                   c_aa312b17b94e31c72be8463a4a14838ec}{C\+A...
l.25 ...12b17b94e31c72be8463a4a14838ec}{C\+A\+DC}}
                                                   ()
I treat `x_1_2' essentially like `x_1{}_2'.

! Double subscript.
<argument> \hyperlink {class_c_a_d_c_
                                     aa312b17b94e31c72be8463a4a14838ec}{C\+A...
l.25 ...12b17b94e31c72be8463a4a14838ec}{C\+A\+DC}}
                                                   ()
I treat `x_1_2' essentially like `x_1{}_2'.

! Extra }, or forgotten $.
<argument> ...c_aa312b17b94e31c72be8463a4a14838ec}
                                                  {C\+A\+DC}
l.25 ...12b17b94e31c72be8463a4a14838ec}{C\+A\+DC}}
                                                   ()
I've deleted a group-closing symbol because it seems to be
spurious, as in `$x}$'. But perhaps the } is legitimate and
you forgot something else, as in `\hbox{$x}'. In such cases
the way to recover is to insert both the forgotten and the
deleted material, e.g., by typing `I$}'.

! Undefined control sequence.
<argument> ...312b17b94e31c72be8463a4a14838ec}{C\+
                                                  A\+DC}
l.25 ...12b17b94e31c72be8463a4a14838ec}{C\+A\+DC}}
                                                   ()
The control sequence at the end of the top line
of your error message was never \def'ed. If you have
misspelled it (e.g., `\hobx'), type `I' and the correct
spelling (e.g., `I\hbox'). Otherwise just continue,
and I'll forget about whatever was undefined.

! Undefined control sequence.
<argument> ...b17b94e31c72be8463a4a14838ec}{C\+A\+
                                                  DC}
l.25 ...12b17b94e31c72be8463a4a14838ec}{C\+A\+DC}}
                                                   ()
The control sequence at the end of the top line
of your error message was never \def'ed. If you have
misspelled it (e.g., `\hobx'), type `I' and the correct
spelling (e.g., `I\hbox'). Otherwise just continue,
and I'll forget about whatever was undefined.

! Extra }, or forgotten $.
\mbox #1->\leavevmode \hbox {#1}
                                
l.25 ...12b17b94e31c72be8463a4a14838ec}{C\+A\+DC}}
                                                   ()
I've deleted a group-closing symbol because it seems to be
spurious, as in `$x}$'. But perhaps the } is legitimate and
you forgot something else, as in `\hbox{$x}'. In such cases
the way to recover is to insert both the forgotten and the
deleted material, e.g., by typing `I$}'.


! LaTeX Error: Environment DoxyCompactList undefined.

See the LaTeX manual or LaTeX Companion for explanation.
Type  H <return>  for immediate help.
 ...                                              
                                                  
l.26 \begin{DoxyCompactList}
                            \small\item\em Constructor of \mbox{\hyperlink{c...

Your command was ignored.
Type  I <command> <return>  to replace it with another command,
or  <return>  to continue without it.

! Undefined control sequence.
l.26 \begin{DoxyCompactList}\small
                                  \item\em Constructor of \mbox{\hyperlink{c...
The control sequence at the end of the top line
of your error message was never \def'ed. If you have
misspelled it (e.g., `\hobx'), type `I' and the correct
spelling (e.g., `I\hbox'). Otherwise just continue,
and I'll forget about whatever was undefined.


! LaTeX Error: Command \item invalid in math mode.

See the LaTeX manual or LaTeX Companion for explanation.
Type  H <return>  for immediate help.
 ...                                              
                                                  
l.26 \begin{DoxyCompactList}\small\item
                                       \em Constructor of \mbox{\hyperlink{c...

Try typing  <return>  to proceed.
If that doesn't work, type  X <return>  to quit.


! LaTeX Error: Something's wrong--perhaps a missing \item.

See the LaTeX manual or LaTeX Companion for explanation.
Type  H <return>  for immediate help.
 ...                                              
                                                  
l.26 \begin{DoxyCompactList}\small\item\em
                                           Constructor of \mbox{\hyperlink{c...

Try typing  <return>  to proceed.
If that doesn't work, type  X <return>  to quit.


! LaTeX Error: Something's wrong--perhaps a missing \item.

See the LaTeX manual or LaTeX Companion for explanation.
Type  H <return>  for immediate help.
 ...                                              
                                                  
l.26 \begin{DoxyCompactList}\small\item\em
                                           Constructor of \mbox{\hyperlink{c...

Try typing  <return>  to proceed.
If that doesn't work, type  X <return>  to quit.


! LaTeX Error: Lonely \item--perhaps a missing list environment.

See the LaTeX manual or LaTeX Companion for explanation.
Type  H <return>  for immediate help.
 ...                                              
                                                  
l.26 \begin{DoxyCompactList}\small\item\em
                                           Constructor of \mbox{\hyperlink{c...

Try typing  <return>  to proceed.
If that doesn't work, type  X <return>  to quit.


LaTeX Font Warning: Command \em invalid in math mode on input line 26.


! LaTeX Error: Command \itshape invalid in math mode.

See the LaTeX manual or LaTeX Companion for explanation.
Type  H <return>  for immediate help.
 ...                                              
                                                  
l.26 \begin{DoxyCompactList}\small\item\em
                                           Constructor of \mbox{\hyperlink{c...

Please use the math alphabet \mathit instead of the \itshape command. 

! Undefined control sequence.
<argument> \hyperlink 
                      {class_c_a_d_c}{C\+A\+DC}
l.26 ...\mbox{\hyperlink{class_c_a_d_c}{C\+A\+DC}}
                                                  . \end{DoxyCompactList}\item
The control sequence at the end of the top line
of your error message was never \def'ed. If you have
misspelled it (e.g., `\hobx'), type `I' and the correct
spelling (e.g., `I\hbox'). Otherwise just continue,
and I'll forget about whatever was undefined.

! Missing $ inserted.
<inserted text> 
                $
l.26 ...\mbox{\hyperlink{class_c_a_d_c}{C\+A\+DC}}
                                                  . \end{DoxyCompactList}\item
I've inserted a begin-math/end-math symbol since I think
you left one out. Proceed, with fingers crossed.

! Double subscript.
<argument> \hyperlink {class_c_
                               a_d_c}{C\+A\+DC}
l.26 ...\mbox{\hyperlink{class_c_a_d_c}{C\+A\+DC}}
                                                  . \end{DoxyCompactList}\item
I treat `x_1_2' essentially like `x_1{}_2'.

! Double subscript.
<argument> \hyperlink {class_c_a_
                                 d_c}{C\+A\+DC}
l.26 ...\mbox{\hyperlink{class_c_a_d_c}{C\+A\+DC}}
                                                  . \end{DoxyCompactList}\item
I treat `x_1_2' essentially like `x_1{}_2'.

! Double subscript.
<argument> \hyperlink {class_c_a_d_
                                   c}{C\+A\+DC}
l.26 ...\mbox{\hyperlink{class_c_a_d_c}{C\+A\+DC}}
                                                  . \end{DoxyCompactList}\item
I treat `x_1_2' essentially like `x_1{}_2'.

! Extra }, or forgotten $.
<argument> \hyperlink {class_c_a_d_c}
                                     {C\+A\+DC}
l.26 ...\mbox{\hyperlink{class_c_a_d_c}{C\+A\+DC}}
                                                  . \end{DoxyCompactList}\item
I've deleted a group-closing symbol because it seems to be
spurious, as in `$x}$'. But perhaps the } is legitimate and
you forgot something else, as in `\hbox{$x}'. In such cases
the way to recover is to insert both the forgotten and the
deleted material, e.g., by typing `I$}'.

! Undefined control sequence.
<argument> \hyperlink {class_c_a_d_c}{C\+
                                         A\+DC}
l.26 ...\mbox{\hyperlink{class_c_a_d_c}{C\+A\+DC}}
                                                  . \end{DoxyCompactList}\item
The control sequence at the end of the top line
of your error message was never \def'ed. If you have
misspelled it (e.g., `\hobx'), type `I' and the correct
spelling (e.g., `I\hbox'). Otherwise just continue,
and I'll forget about whatever was undefined.

! Undefined control sequence.
<argument> \hyperlink {class_c_a_d_c}{C\+A\+
                                            DC}
l.26 ...\mbox{\hyperlink{class_c_a_d_c}{C\+A\+DC}}
                                                  . \end{DoxyCompactList}\item
The control sequence at the end of the top line
of your error message was never \def'ed. If you have
misspelled it (e.g., `\hobx'), type `I' and the correct
spelling (e.g., `I\hbox'). Otherwise just continue,
and I'll forget about whatever was undefined.

! Extra }, or forgotten $.
\mbox #1->\leavevmode \hbox {#1}
                                
l.26 ...\mbox{\hyperlink{class_c_a_d_c}{C\+A\+DC}}
                                                  . \end{DoxyCompactList}\item
I've deleted a group-closing symbol because it seems to be
spurious, as in `$x}$'. But perhaps the } is legitimate and
you forgot something else, as in `\hbox{$x}'. In such cases
the way to recover is to insert both the forgotten and the
deleted material, e.g., by typing `I$}'.


! LaTeX Error: \begin{document} ended by \end{DoxyCompactList}.

See the LaTeX manual or LaTeX Companion for explanation.
Type  H <return>  for immediate help.
 ...                                              
                                                  
l.26 ...c_a_d_c}{C\+A\+DC}}. \end{DoxyCompactList}
                                                  \item
Your command was ignored.
Type  I <command> <return>  to replace it with another command,
or  <return>  to continue without it.

! Missing $ inserted.
<inserted text> 
                $
l.26 ...c_a_d_c}{C\+A\+DC}}. \end{DoxyCompactList}
                                                  \item
I've inserted something that you may have forgotten.
(See the <inserted text> above.)
With luck, this will get me unwedged. But if you
really didn't forget anything, try typing `2' now; then
my insertion and my current dilemma will both disappear.

! Missing } inserted.
<inserted text> 
                }
l.26 ...c_a_d_c}{C\+A\+DC}}. \end{DoxyCompactList}
                                                  \item
I've inserted something that you may have forgotten.
(See the <inserted text> above.)
With luck, this will get me unwedged. But if you
really didn't forget anything, try typing `2' now; then
my insertion and my current dilemma will both disappear.

! Missing } inserted.
<inserted text> 
                }
l.26 ...c_a_d_c}{C\+A\+DC}}. \end{DoxyCompactList}
                                                  \item
I've inserted something that you may have forgotten.
(See the <inserted text> above.)
With luck, this will get me unwedged. But if you
really didn't forget anything, try typing `2' now; then
my insertion and my current dilemma will both disappear.


! LaTeX Error: Command \item invalid in math mode.

See the LaTeX manual or LaTeX Companion for explanation.
Type  H <return>  for immediate help.
 ...                                              
                                                  
l.26 ..._c}{C\+A\+DC}}. \end{DoxyCompactList}\item
                                                  
Try typing  <return>  to proceed.
If that doesn't work, type  X <return>  to quit.

! Missing $ inserted.
<inserted text> 
                $
l.27 \mbox
          {\hyperlink{class_c_a_d_c_ab8a5414ebb4c3707ac1575d63635efd8}{$\sim...
I've inserted a begin-math/end-math symbol since I think
you left one out. Proceed, with fingers crossed.


! LaTeX Error: Something's wrong--perhaps a missing \item.

See the LaTeX manual or LaTeX Companion for explanation.
Type  H <return>  for immediate help.
 ...                                              
                                                  
l.27 \mbox
          {\hyperlink{class_c_a_d_c_ab8a5414ebb4c3707ac1575d63635efd8}{$\sim...

Try typing  <return>  to proceed.
If that doesn't work, type  X <return>  to quit.


! LaTeX Error: Something's wrong--perhaps a missing \item.

See the LaTeX manual or LaTeX Companion for explanation.
Type  H <return>  for immediate help.
 ...                                              
                                                  
l.27 \mbox
          {\hyperlink{class_c_a_d_c_ab8a5414ebb4c3707ac1575d63635efd8}{$\sim...

Try typing  <return>  to proceed.
If that doesn't work, type  X <return>  to quit.


! LaTeX Error: Lonely \item--perhaps a missing list environment.

See the LaTeX manual or LaTeX Companion for explanation.
Type  H <return>  for immediate help.
 ...                                              
                                                  
l.27 \mbox
          {\hyperlink{class_c_a_d_c_ab8a5414ebb4c3707ac1575d63635efd8}{$\sim...

Try typing  <return>  to proceed.
If that doesn't work, type  X <return>  to quit.

! Undefined control sequence.
<argument> \hyperlink 
                      {class_c_a_d_c_ab8a5414ebb4c3707ac1575d63635efd8}{$\si...
l.27 ...4c3707ac1575d63635efd8}{$\sim$\+C\+A\+DC}}
                                                   ()
The control sequence at the end of the top line
of your error message was never \def'ed. If you have
misspelled it (e.g., `\hobx'), type `I' and the correct
spelling (e.g., `I\hbox'). Otherwise just continue,
and I'll forget about whatever was undefined.

Missing character: There is no c in font nullfont!
Missing character: There is no l in font nullfont!
Missing character: There is no a in font nullfont!
Missing character: There is no s in font nullfont!
Missing character: There is no s in font nullfont!
! Missing $ inserted.
<inserted text> 
                $
l.27 ...4c3707ac1575d63635efd8}{$\sim$\+C\+A\+DC}}
                                                   ()
I've inserted a begin-math/end-math symbol since I think
you left one out. Proceed, with fingers crossed.

! Double subscript.
<argument> \hyperlink {class_c_
                               a_d_c_ab8a5414ebb4c3707ac1575d63635efd8}{$\si...
l.27 ...4c3707ac1575d63635efd8}{$\sim$\+C\+A\+DC}}
                                                   ()
I treat `x_1_2' essentially like `x_1{}_2'.

! Double subscript.
<argument> \hyperlink {class_c_a_
                                 d_c_ab8a5414ebb4c3707ac1575d63635efd8}{$\si...
l.27 ...4c3707ac1575d63635efd8}{$\sim$\+C\+A\+DC}}
                                                   ()
I treat `x_1_2' essentially like `x_1{}_2'.

! Double subscript.
<argument> \hyperlink {class_c_a_d_
                                   c_ab8a5414ebb4c3707ac1575d63635efd8}{$\si...
l.27 ...4c3707ac1575d63635efd8}{$\sim$\+C\+A\+DC}}
                                                   ()
I treat `x_1_2' essentially like `x_1{}_2'.

! Double subscript.
<argument> \hyperlink {class_c_a_d_c_
                                     ab8a5414ebb4c3707ac1575d63635efd8}{$\si...
l.27 ...4c3707ac1575d63635efd8}{$\sim$\+C\+A\+DC}}
                                                   ()
I treat `x_1_2' essentially like `x_1{}_2'.

! Extra }, or forgotten $.
<argument> ...c_ab8a5414ebb4c3707ac1575d63635efd8}
                                                  {$\sim $\+C\+A\+DC}
l.27 ...4c3707ac1575d63635efd8}{$\sim$\+C\+A\+DC}}
                                                   ()
I've deleted a group-closing symbol because it seems to be
spurious, as in `$x}$'. But perhaps the } is legitimate and
you forgot something else, as in `\hbox{$x}'. In such cases
the way to recover is to insert both the forgotten and the
deleted material, e.g., by typing `I$}'.

! Missing } inserted.
<inserted text> 
                }
l.27 ...4c3707ac1575d63635efd8}{$\sim$\+C\+A\+DC}}
                                                   ()
I've inserted something that you may have forgotten.
(See the <inserted text> above.)
With luck, this will get me unwedged. But if you
really didn't forget anything, try typing `2' now; then
my insertion and my current dilemma will both disappear.

! Missing $ inserted.
<inserted text> 
                $
l.27 ...4c3707ac1575d63635efd8}{$\sim$\+C\+A\+DC}}
                                                   ()
I've inserted a begin-math/end-math symbol since I think
you left one out. Proceed, with fingers crossed.

! Undefined control sequence.
<argument> ...ebb4c3707ac1575d63635efd8}{$\sim $\+
                                                  C\+A\+DC}
l.27 ...4c3707ac1575d63635efd8}{$\sim$\+C\+A\+DC}}
                                                   ()
The control sequence at the end of the top line
of your error message was never \def'ed. If you have
misspelled it (e.g., `\hobx'), type `I' and the correct
spelling (e.g., `I\hbox'). Otherwise just continue,
and I'll forget about whatever was undefined.

Missing character: There is no C in font nullfont!
! Undefined control sequence.
<argument> ...4c3707ac1575d63635efd8}{$\sim $\+C\+
                                                  A\+DC}
l.27 ...4c3707ac1575d63635efd8}{$\sim$\+C\+A\+DC}}
                                                   ()
The control sequence at the end of the top line
of your error message was never \def'ed. If you have
misspelled it (e.g., `\hobx'), type `I' and the correct
spelling (e.g., `I\hbox'). Otherwise just continue,
and I'll forget about whatever was undefined.

Missing character: There is no A in font nullfont!
! Undefined control sequence.
<argument> ...707ac1575d63635efd8}{$\sim $\+C\+A\+
                                                  DC}
l.27 ...4c3707ac1575d63635efd8}{$\sim$\+C\+A\+DC}}
                                                   ()
The control sequence at the end of the top line
of your error message was never \def'ed. If you have
misspelled it (e.g., `\hobx'), type `I' and the correct
spelling (e.g., `I\hbox'). Otherwise just continue,
and I'll forget about whatever was undefined.

Missing character: There is no D in font nullfont!
Missing character: There is no C in font nullfont!
Missing character: There is no ( in font nullfont!
Missing character: There is no ) in font nullfont!

! LaTeX Error: Environment DoxyCompactList undefined.

See the LaTeX manual or LaTeX Companion for explanation.
Type  H <return>  for immediate help.
 ...                                              
                                                  
l.28 \begin{DoxyCompactList}
                            \small\item\em Destructor of \mbox{\hyperlink{cl...

Your command was ignored.
Type  I <command> <return>  to replace it with another command,
or  <return>  to continue without it.

! Undefined control sequence.
l.28 \begin{DoxyCompactList}\small
                                  \item\em Destructor of \mbox{\hyperlink{cl...
The control sequence at the end of the top line
of your error message was never \def'ed. If you have
misspelled it (e.g., `\hobx'), type `I' and the correct
spelling (e.g., `I\hbox'). Otherwise just continue,
and I'll forget about whatever was undefined.


! LaTeX Error: Something's wrong--perhaps a missing \item.

See the LaTeX manual or LaTeX Companion for explanation.
Type  H <return>  for immediate help.
 ...                                              
                                                  
l.28 \begin{DoxyCompactList}\small\item\em
                                           Destructor of \mbox{\hyperlink{cl...

Try typing  <return>  to proceed.
If that doesn't work, type  X <return>  to quit.


! LaTeX Error: Something's wrong--perhaps a missing \item.

See the LaTeX manual or LaTeX Companion for explanation.
Type  H <return>  for immediate help.
 ...                                              
                                                  
l.28 \begin{DoxyCompactList}\small\item\em
                                           Destructor of \mbox{\hyperlink{cl...

Try typing  <return>  to proceed.
If that doesn't work, type  X <return>  to quit.


! LaTeX Error: Lonely \item--perhaps a missing list environment.

See the LaTeX manual or LaTeX Companion for explanation.
Type  H <return>  for immediate help.
 ...                                              
                                                  
l.28 \begin{DoxyCompactList}\small\item\em
                                           Destructor of \mbox{\hyperlink{cl...

Try typing  <return>  to proceed.
If that doesn't work, type  X <return>  to quit.

! Undefined control sequence.
<argument> \hyperlink 
                      {class_c_a_d_c}{C\+A\+DC}
l.28 ...\mbox{\hyperlink{class_c_a_d_c}{C\+A\+DC}}
                                                  . \end{DoxyCompactList}\item
The control sequence at the end of the top line
of your error message was never \def'ed. If you have
misspelled it (e.g., `\hobx'), type `I' and the correct
spelling (e.g., `I\hbox'). Otherwise just continue,
and I'll forget about whatever was undefined.

! Missing $ inserted.
<inserted text> 
                $
l.28 ...\mbox{\hyperlink{class_c_a_d_c}{C\+A\+DC}}
                                                  . \end{DoxyCompactList}\item
I've inserted a begin-math/end-math symbol since I think
you left one out. Proceed, with fingers crossed.

! Double subscript.
<argument> \hyperlink {class_c_
                               a_d_c}{C\+A\+DC}
l.28 ...\mbox{\hyperlink{class_c_a_d_c}{C\+A\+DC}}
                                                  . \end{DoxyCompactList}\item
I treat `x_1_2' essentially like `x_1{}_2'.

! Double subscript.
<argument> \hyperlink {class_c_a_
                                 d_c}{C\+A\+DC}
l.28 ...\mbox{\hyperlink{class_c_a_d_c}{C\+A\+DC}}
                                                  . \end{DoxyCompactList}\item
I treat `x_1_2' essentially like `x_1{}_2'.

! Double subscript.
<argument> \hyperlink {class_c_a_d_
                                   c}{C\+A\+DC}
l.28 ...\mbox{\hyperlink{class_c_a_d_c}{C\+A\+DC}}
                                                  . \end{DoxyCompactList}\item
I treat `x_1_2' essentially like `x_1{}_2'.

! Extra }, or forgotten $.
<argument> \hyperlink {class_c_a_d_c}
                                     {C\+A\+DC}
l.28 ...\mbox{\hyperlink{class_c_a_d_c}{C\+A\+DC}}
                                                  . \end{DoxyCompactList}\item
I've deleted a group-closing symbol because it seems to be
spurious, as in `$x}$'. But perhaps the } is legitimate and
you forgot something else, as in `\hbox{$x}'. In such cases
the way to recover is to insert both the forgotten and the
deleted material, e.g., by typing `I$}'.

! Undefined control sequence.
<argument> \hyperlink {class_c_a_d_c}{C\+
                                         A\+DC}
l.28 ...\mbox{\hyperlink{class_c_a_d_c}{C\+A\+DC}}
                                                  . \end{DoxyCompactList}\item
The control sequence at the end of the top line
of your error message was never \def'ed. If you have
misspelled it (e.g., `\hobx'), type `I' and the correct
spelling (e.g., `I\hbox'). Otherwise just continue,
and I'll forget about whatever was undefined.

! Undefined control sequence.
<argument> \hyperlink {class_c_a_d_c}{C\+A\+
                                            DC}
l.28 ...\mbox{\hyperlink{class_c_a_d_c}{C\+A\+DC}}
                                                  . \end{DoxyCompactList}\item
The control sequence at the end of the top line
of your error message was never \def'ed. If you have
misspelled it (e.g., `\hobx'), type `I' and the correct
spelling (e.g., `I\hbox'). Otherwise just continue,
and I'll forget about whatever was undefined.

! Extra }, or forgotten $.
\mbox #1->\leavevmode \hbox {#1}
                                
l.28 ...\mbox{\hyperlink{class_c_a_d_c}{C\+A\+DC}}
                                                  . \end{DoxyCompactList}\item
I've deleted a group-closing symbol because it seems to be
spurious, as in `$x}$'. But perhaps the } is legitimate and
you forgot something else, as in `\hbox{$x}'. In such cases
the way to recover is to insert both the forgotten and the
deleted material, e.g., by typing `I$}'.


! LaTeX Error: \begin{document} ended by \end{DoxyCompactList}.

See the LaTeX manual or LaTeX Companion for explanation.
Type  H <return>  for immediate help.
 ...                                              
                                                  
l.28 ...c_a_d_c}{C\+A\+DC}}. \end{DoxyCompactList}
                                                  \item
Your command was ignored.
Type  I <command> <return>  to replace it with another command,
or  <return>  to continue without it.

! Missing $ inserted.
<inserted text> 
                $
l.28 ...c_a_d_c}{C\+A\+DC}}. \end{DoxyCompactList}
                                                  \item
I've inserted something that you may have forgotten.
(See the <inserted text> above.)
With luck, this will get me unwedged. But if you
really didn't forget anything, try typing `2' now; then
my insertion and my current dilemma will both disappear.

! Missing } inserted.
<inserted text> 
                }
l.28 ...c_a_d_c}{C\+A\+DC}}. \end{DoxyCompactList}
                                                  \item
I've inserted something that you may have forgotten.
(See the <inserted text> above.)
With luck, this will get me unwedged. But if you
really didn't forget anything, try typing `2' now; then
my insertion and my current dilemma will both disappear.

! Missing } inserted.
<inserted text> 
                }
l.28 ...c_a_d_c}{C\+A\+DC}}. \end{DoxyCompactList}
                                                  \item
I've inserted something that you may have forgotten.
(See the <inserted text> above.)
With luck, this will get me unwedged. But if you
really didn't forget anything, try typing `2' now; then
my insertion and my current dilemma will both disappear.


! LaTeX Error: Something's wrong--perhaps a missing \item.

See the LaTeX manual or LaTeX Companion for explanation.
Type  H <return>  for immediate help.
 ...                                              
                                                  
l.29 v
      oid \mbox{\hyperlink{class_c_a_d_c_a09118c55821cd6f0c9b2e2d2edd40d33}{...

Try typing  <return>  to proceed.
If that doesn't work, type  X <return>  to quit.


! LaTeX Error: Something's wrong--perhaps a missing \item.

See the LaTeX manual or LaTeX Companion for explanation.
Type  H <return>  for immediate help.
 ...                                              
                                                  
l.29 v
      oid \mbox{\hyperlink{class_c_a_d_c_a09118c55821cd6f0c9b2e2d2edd40d33}{...

Try typing  <return>  to proceed.
If that doesn't work, type  X <return>  to quit.


! LaTeX Error: Lonely \item--perhaps a missing list environment.

See the LaTeX manual or LaTeX Companion for explanation.
Type  H <return>  for immediate help.
 ...                                              
                                                  
l.29 v
      oid \mbox{\hyperlink{class_c_a_d_c_a09118c55821cd6f0c9b2e2d2edd40d33}{...

Try typing  <return>  to proceed.
If that doesn't work, type  X <return>  to quit.

Missing character: There is no v in font nullfont!
Missing character: There is no o in font nullfont!
Missing character: There is no i in font nullfont!
Missing character: There is no d in font nullfont!
! Undefined control sequence.
<argument> \hyperlink 
                      {class_c_a_d_c_a09118c55821cd6f0c9b2e2d2edd40d33}{Init}
l.29 ..._a09118c55821cd6f0c9b2e2d2edd40d33}{Init}}
                                                   ()
The control sequence at the end of the top line
of your error message was never \def'ed. If you have
misspelled it (e.g., `\hobx'), type `I' and the correct
spelling (e.g., `I\hbox'). Otherwise just continue,
and I'll forget about whatever was undefined.

Missing character: There is no c in font nullfont!
Missing character: There is no l in font nullfont!
Missing character: There is no a in font nullfont!
Missing character: There is no s in font nullfont!
Missing character: There is no s in font nullfont!
! Missing $ inserted.
<inserted text> 
                $
l.29 ..._a09118c55821cd6f0c9b2e2d2edd40d33}{Init}}
                                                   ()
I've inserted a begin-math/end-math symbol since I think
you left one out. Proceed, with fingers crossed.

! Double subscript.
<argument> \hyperlink {class_c_
                               a_d_c_a09118c55821cd6f0c9b2e2d2edd40d33}{Init}
l.29 ..._a09118c55821cd6f0c9b2e2d2edd40d33}{Init}}
                                                   ()
I treat `x_1_2' essentially like `x_1{}_2'.

! Double subscript.
<argument> \hyperlink {class_c_a_
                                 d_c_a09118c55821cd6f0c9b2e2d2edd40d33}{Init}
l.29 ..._a09118c55821cd6f0c9b2e2d2edd40d33}{Init}}
                                                   ()
I treat `x_1_2' essentially like `x_1{}_2'.

! Double subscript.
<argument> \hyperlink {class_c_a_d_
                                   c_a09118c55821cd6f0c9b2e2d2edd40d33}{Init}
l.29 ..._a09118c55821cd6f0c9b2e2d2edd40d33}{Init}}
                                                   ()
I treat `x_1_2' essentially like `x_1{}_2'.

! Double subscript.
<argument> \hyperlink {class_c_a_d_c_
                                     a09118c55821cd6f0c9b2e2d2edd40d33}{Init}
l.29 ..._a09118c55821cd6f0c9b2e2d2edd40d33}{Init}}
                                                   ()
I treat `x_1_2' essentially like `x_1{}_2'.

! Extra }, or forgotten $.
<argument> ...c_a09118c55821cd6f0c9b2e2d2edd40d33}
                                                  {Init}
l.29 ..._a09118c55821cd6f0c9b2e2d2edd40d33}{Init}}
                                                   ()
I've deleted a group-closing symbol because it seems to be
spurious, as in `$x}$'. But perhaps the } is legitimate and
you forgot something else, as in `\hbox{$x}'. In such cases
the way to recover is to insert both the forgotten and the
deleted material, e.g., by typing `I$}'.

! Extra }, or forgotten $.
\mbox #1->\leavevmode \hbox {#1}
                                
l.29 ..._a09118c55821cd6f0c9b2e2d2edd40d33}{Init}}
                                                   ()
I've deleted a group-closing symbol because it seems to be
spurious, as in `$x}$'. But perhaps the } is legitimate and
you forgot something else, as in `\hbox{$x}'. In such cases
the way to recover is to insert both the forgotten and the
deleted material, e.g., by typing `I$}'.


! LaTeX Error: Environment DoxyCompactList undefined.

See the LaTeX manual or LaTeX Companion for explanation.
Type  H <return>  for immediate help.
 ...                                              
                                                  
l.30 \begin{DoxyCompactList}
                            \small\item\em Initialization function of \mbox{...

Your command was ignored.
Type  I <command> <return>  to replace it with another command,
or  <return>  to continue without it.

! Undefined control sequence.
l.30 \begin{DoxyCompactList}\small
                                  \item\em Initialization function of \mbox{...
The control sequence at the end of the top line
of your error message was never \def'ed. If you have
misspelled it (e.g., `\hobx'), type `I' and the correct
spelling (e.g., `I\hbox'). Otherwise just continue,
and I'll forget about whatever was undefined.


! LaTeX Error: Command \item invalid in math mode.

See the LaTeX manual or LaTeX Companion for explanation.
Type  H <return>  for immediate help.
 ...                                              
                                                  
l.30 \begin{DoxyCompactList}\small\item
                                       \em Initialization function of \mbox{...

Try typing  <return>  to proceed.
If that doesn't work, type  X <return>  to quit.

! Missing $ inserted.
<inserted text> 
                $
l.30 \begin{DoxyCompactList}\small\item\em
                                           Initialization function of \mbox{...
I've inserted a begin-math/end-math symbol since I think
you left one out. Proceed, with fingers crossed.

! Missing \endgroup inserted.
<inserted text> 
                \endgroup 
l.30 \begin{DoxyCompactList}\small\item\em
                                           Initialization function of \mbox{...
I've inserted something that you may have forgotten.
(See the <inserted text> above.)
With luck, this will get me unwedged. But if you
really didn't forget anything, try typing `2' now; then
my insertion and my current dilemma will both disappear.


! LaTeX Error: Something's wrong--perhaps a missing \item.

See the LaTeX manual or LaTeX Companion for explanation.
Type  H <return>  for immediate help.
 ...                                              
                                                  
l.30 \begin{DoxyCompactList}\small\item\em
                                           Initialization function of \mbox{...

Try typing  <return>  to proceed.
If that doesn't work, type  X <return>  to quit.


! LaTeX Error: Something's wrong--perhaps a missing \item.

See the LaTeX manual or LaTeX Companion for explanation.
Type  H <return>  for immediate help.
 ...                                              
                                                  
l.30 \begin{DoxyCompactList}\small\item\em
                                           Initialization function of \mbox{...

Try typing  <return>  to proceed.
If that doesn't work, type  X <return>  to quit.


! LaTeX Error: Lonely \item--perhaps a missing list environment.

See the LaTeX manual or LaTeX Companion for explanation.
Type  H <return>  for immediate help.
 ...                                              
                                                  
l.30 \begin{DoxyCompactList}\small\item\em
                                           Initialization function of \mbox{...

Try typing  <return>  to proceed.
If that doesn't work, type  X <return>  to quit.

! Undefined control sequence.
<argument> \hyperlink 
                      {class_c_a_d_c}{C\+A\+DC}
l.30 ...\mbox{\hyperlink{class_c_a_d_c}{C\+A\+DC}}
                                                  . \end{DoxyCompactList}\item
The control sequence at the end of the top line
of your error message was never \def'ed. If you have
misspelled it (e.g., `\hobx'), type `I' and the correct
spelling (e.g., `I\hbox'). Otherwise just continue,
and I'll forget about whatever was undefined.

! Missing $ inserted.
<inserted text> 
                $
l.30 ...\mbox{\hyperlink{class_c_a_d_c}{C\+A\+DC}}
                                                  . \end{DoxyCompactList}\item
I've inserted a begin-math/end-math symbol since I think
you left one out. Proceed, with fingers crossed.

! Double subscript.
<argument> \hyperlink {class_c_
                               a_d_c}{C\+A\+DC}
l.30 ...\mbox{\hyperlink{class_c_a_d_c}{C\+A\+DC}}
                                                  . \end{DoxyCompactList}\item
I treat `x_1_2' essentially like `x_1{}_2'.

! Double subscript.
<argument> \hyperlink {class_c_a_
                                 d_c}{C\+A\+DC}
l.30 ...\mbox{\hyperlink{class_c_a_d_c}{C\+A\+DC}}
                                                  . \end{DoxyCompactList}\item
I treat `x_1_2' essentially like `x_1{}_2'.

! Double subscript.
<argument> \hyperlink {class_c_a_d_
                                   c}{C\+A\+DC}
l.30 ...\mbox{\hyperlink{class_c_a_d_c}{C\+A\+DC}}
                                                  . \end{DoxyCompactList}\item
I treat `x_1_2' essentially like `x_1{}_2'.

! Extra }, or forgotten $.
<argument> \hyperlink {class_c_a_d_c}
                                     {C\+A\+DC}
l.30 ...\mbox{\hyperlink{class_c_a_d_c}{C\+A\+DC}}
                                                  . \end{DoxyCompactList}\item
I've deleted a group-closing symbol because it seems to be
spurious, as in `$x}$'. But perhaps the } is legitimate and
you forgot something else, as in `\hbox{$x}'. In such cases
the way to recover is to insert both the forgotten and the
deleted material, e.g., by typing `I$}'.

! Undefined control sequence.
<argument> \hyperlink {class_c_a_d_c}{C\+
                                         A\+DC}
l.30 ...\mbox{\hyperlink{class_c_a_d_c}{C\+A\+DC}}
                                                  . \end{DoxyCompactList}\item
The control sequence at the end of the top line
of your error message was never \def'ed. If you have
misspelled it (e.g., `\hobx'), type `I' and the correct
spelling (e.g., `I\hbox'). Otherwise just continue,
and I'll forget about whatever was undefined.

! Undefined control sequence.
<argument> \hyperlink {class_c_a_d_c}{C\+A\+
                                            DC}
l.30 ...\mbox{\hyperlink{class_c_a_d_c}{C\+A\+DC}}
                                                  . \end{DoxyCompactList}\item
The control sequence at the end of the top line
of your error message was never \def'ed. If you have
misspelled it (e.g., `\hobx'), type `I' and the correct
spelling (e.g., `I\hbox'). Otherwise just continue,
and I'll forget about whatever was undefined.

! Extra }, or forgotten $.
\mbox #1->\leavevmode \hbox {#1}
                                
l.30 ...\mbox{\hyperlink{class_c_a_d_c}{C\+A\+DC}}
                                                  . \end{DoxyCompactList}\item
I've deleted a group-closing symbol because it seems to be
spurious, as in `$x}$'. But perhaps the } is legitimate and
you forgot something else, as in `\hbox{$x}'. In such cases
the way to recover is to insert both the forgotten and the
deleted material, e.g., by typing `I$}'.


! LaTeX Error: \begin{document} ended by \end{DoxyCompactList}.

See the LaTeX manual or LaTeX Companion for explanation.
Type  H <return>  for immediate help.
 ...                                              
                                                  
l.30 ...c_a_d_c}{C\+A\+DC}}. \end{DoxyCompactList}
                                                  \item
Your command was ignored.
Type  I <command> <return>  to replace it with another command,
or  <return>  to continue without it.

! Missing $ inserted.
<inserted text> 
                $
l.30 ...c_a_d_c}{C\+A\+DC}}. \end{DoxyCompactList}
                                                  \item
I've inserted something that you may have forgotten.
(See the <inserted text> above.)
With luck, this will get me unwedged. But if you
really didn't forget anything, try typing `2' now; then
my insertion and my current dilemma will both disappear.

! Missing } inserted.
<inserted text> 
                }
l.30 ...c_a_d_c}{C\+A\+DC}}. \end{DoxyCompactList}
                                                  \item
I've inserted something that you may have forgotten.
(See the <inserted text> above.)
With luck, this will get me unwedged. But if you
really didn't forget anything, try typing `2' now; then
my insertion and my current dilemma will both disappear.

! Missing } inserted.
<inserted text> 
                }
l.30 ...c_a_d_c}{C\+A\+DC}}. \end{DoxyCompactList}
                                                  \item
I've inserted something that you may have forgotten.
(See the <inserted text> above.)
With luck, this will get me unwedged. But if you
really didn't forget anything, try typing `2' now; then
my insertion and my current dilemma will both disappear.

! Missing } inserted.
<inserted text> 
                }
l.30 ...c_a_d_c}{C\+A\+DC}}. \end{DoxyCompactList}
                                                  \item
I've inserted something that you may have forgotten.
(See the <inserted text> above.)
With luck, this will get me unwedged. But if you
really didn't forget anything, try typing `2' now; then
my insertion and my current dilemma will both disappear.

! Missing } inserted.
<inserted text> 
                }
l.30 ...c_a_d_c}{C\+A\+DC}}. \end{DoxyCompactList}
                                                  \item
(That makes 100 errors; please try again.) 
Here is how much of TeX's memory you used:
 18 strings out of 492946
 365 string characters out of 4135524
 58629 words of memory out of 6000000
 4013 multiletter control sequences out of 15000+200000
 4154 words of font info for 16 fonts, out of 3000000 for 9000
 1141 hyphenation exceptions out of 8191
 18i,5n,12p,176b,141s stack positions out of 5000i,500n,10000p,200000b,50000s

!  ==> Fatal error occurred, no output PDF file produced!
